
1월 06, 2020 02:11:52.95 NEW SESSION
1월 06, 2020 02:11:52.95 
1월 06, 2020 02:11:52.96 KLIB_SelfTest return : KLR_OK
1월 06, 2020 02:14:36.82 
1월 06, 2020 02:14:36.82 KLIB_SelfTest return : KLR_OK
1월 06, 2020 02:27:22.09 
1월 06, 2020 02:27:22.10 KLIB_SelfTest return : KLR_OK
1월 06, 2020 03:01:44.57 
1월 06, 2020 03:01:44.58 KLIB_SelfTest return : KLR_OK
1월 06, 2020 04:15:58.19 
1월 06, 2020 04:15:58.20 KLIB_SelfTest return : KLR_OK
1월 06, 2020 04:28:26.40 
1월 06, 2020 04:28:26.40 KLIB_SelfTest return : KLR_OK
1월 06, 2020 05:45:17.50 
1월 06, 2020 05:45:17.51 KLIB_SelfTest return : KLR_OK
1월 06, 2020 06:10:27.75 
1월 06, 2020 06:10:27.76 KLIB_SelfTest return : KLR_OK

1월 12, 2020 23:37:05.74 NEW SESSION
1월 12, 2020 23:37:05.74 
1월 12, 2020 23:37:05.75 KLIB_SelfTest return : KLR_OK
1월 13, 2020 24:54:30.73 
1월 13, 2020 24:54:30.74 KLIB_SelfTest return : KLR_OK
1월 13, 2020 02:03:42.47 
1월 13, 2020 02:03:42.48 KLIB_SelfTest return : KLR_OK
1월 13, 2020 02:05:45.50 
1월 13, 2020 02:05:45.51 KLIB_SelfTest return : KLR_OK
1월 13, 2020 02:06:20.55 
1월 13, 2020 02:06:20.55 KLIB_SelfTest return : KLR_OK

1월 13, 2020 03:21:53.37 NEW SESSION
1월 13, 2020 03:21:53.37 
1월 13, 2020 03:21:53.37 KLIB_SelfTest return : KLR_OK

1월 17, 2020 19:58:54.97 NEW SESSION
1월 17, 2020 19:58:54.97 
1월 17, 2020 19:58:54.99 KLIB_SelfTest return : KLR_OK

1월 17, 2020 20:05:23.02 NEW SESSION
1월 17, 2020 20:05:23.02 
1월 17, 2020 20:05:23.03 KLIB_SelfTest return : KLR_OK
1월 17, 2020 20:06:08.79 
1월 17, 2020 20:06:08.80 KLIB_SelfTest return : KLR_OK

1월 20, 2020 21:09:25.68 NEW SESSION
1월 20, 2020 21:09:25.68 
1월 20, 2020 21:09:25.72 KLIB_SelfTest return : KLR_OK

1월 28, 2020 23:53:35.88 NEW SESSION
1월 28, 2020 23:53:35.88 [3512:1540:0128/235335.862:ERROR:CONSOLE(52)] "Uncaught (in promise) TypeError: Cannot read property 'oldRange' of undefined", source: devtools://devtools/bundled/bindings/ResourceMapping.js (52)
1월 29, 2020 24:52:26.79 [3512:8380:0129/005226.795:ERROR:socket_stream.cc(218)] Closing stream with result -2
1월 29, 2020 24:59:49.92 [3512:8380:0129/005949.924:ERROR:socket_stream.cc(218)] Closing stream with result -2
1월 29, 2020 01:05:44.61 
1월 29, 2020 01:05:44.62 KLIB_SelfTest return : KLR_OK

2월 01, 2020 11:22:06.57 NEW SESSION
2월 01, 2020 11:22:06.57 
2월 01, 2020 11:22:06.58 KLIB_SelfTest return : KLR_OK
2월 01, 2020 11:44:00.73 
2월 01, 2020 11:44:00.76 KLIB_SelfTest return : KLR_OK
2월 01, 2020 11:57:31.07 
2월 01, 2020 11:57:31.18 KLIB_SelfTest return : KLR_OK
2월 01, 2020 12:01:07.56 
2월 01, 2020 12:01:07.59 KLIB_SelfTest return : KLR_OK
2월 01, 2020 12:01:34.30 [12644:22048:0201/120134.308:ERROR:event_router.cc(709)] Event dispatched while shutting down extensions browser client.
2월 01, 2020 12:01:34.31 [12644:22048:0201/120134.308:ERROR:event_router.cc(709)] Event dispatched while shutting down extensions browser client.
2월 01, 2020 12:01:34.51 
2월 01, 2020 12:01:34.52 KLIB_SelfTest return : KLR_OK
2월 01, 2020 12:02:55.22 
2월 01, 2020 12:02:55.22 KLIB_SelfTest return : KLR_OK
2월 01, 2020 12:04:36.35 
2월 01, 2020 12:04:36.38 KLIB_SelfTest return : KLR_OK
2월 01, 2020 12:06:37.07 
2월 01, 2020 12:06:37.10 KLIB_SelfTest return : KLR_OK
2월 01, 2020 12:07:59.11 
2월 01, 2020 12:07:59.12 KLIB_SelfTest return : KLR_OK

2월 01, 2020 12:11:54.77 NEW SESSION
2월 01, 2020 12:11:54.77 
2월 01, 2020 12:11:54.83 KLIB_SelfTest return : KLR_OK
2월 01, 2020 13:11:51.55 
2월 01, 2020 13:11:55.17 KLIB_SelfTest return : KLR_OK
2월 02, 2020 01:41:41.77 [20264:11296:0202/014141.710:ERROR:socket_stream.cc(218)] Closing stream with result -2
2월 02, 2020 02:49:26.19 
2월 02, 2020 02:49:26.23 KLIB_SelfTest return : KLR_OK

2월 02, 2020 15:23:56.43 NEW SESSION
2월 02, 2020 15:23:56.44 [3336:12036:0202/152356.387:ERROR:CONSOLE(307)] "Uncaught TypeError: Cannot read property 'visibleWidth' of null", source: devtools://devtools/bundled/elements/elements_module.js (307)
2월 02, 2020 18:18:47.48 [3336:20128:0202/181847.468:ERROR:socket_stream.cc(218)] Closing stream with result -2
2월 03, 2020 24:21:20.47 
2월 03, 2020 24:21:20.52 KLIB_SelfTest return : KLR_OK

2월 09, 2020 15:43:18.98 NEW SESSION
2월 09, 2020 15:43:18.98 
2월 09, 2020 15:43:19.04 KLIB_SelfTest return : KLR_OK

2월 09, 2020 20:02:34.21 NEW SESSION
2월 09, 2020 20:02:34.21 
2월 09, 2020 20:02:34.26 KLIB_SelfTest return : KLR_OK
2월 09, 2020 20:02:44.00 
2월 09, 2020 20:02:44.01 KLIB_SelfTest return : KLR_OK
2월 09, 2020 22:30:24.44 
2월 09, 2020 22:30:24.49 KLIB_SelfTest return : KLR_OK
2월 10, 2020 01:18:57.28 
2월 10, 2020 01:18:57.32 KLIB_SelfTest return : KLR_OK

2월 10, 2020 21:47:26.14 NEW SESSION
2월 10, 2020 21:47:26.14 [21676:16840:0210/214726.140:ERROR:socket_stream.cc(218)] Closing stream with result -2
2월 10, 2020 22:23:50.38 
2월 10, 2020 22:23:50.41 KLIB_SelfTest return : KLR_OK
2월 11, 2020 24:06:03.15 
2월 11, 2020 24:06:03.17 KLIB_SelfTest return : KLR_OK

2월 12, 2020 01:28:23.59 NEW SESSION
2월 12, 2020 01:28:23.59 
2월 12, 2020 01:28:23.61 KLIB_SelfTest return : KLR_OK

2월 12, 2020 01:30:37.01 NEW SESSION
2월 12, 2020 01:30:37.01 
2월 12, 2020 01:30:37.04 KLIB_SelfTest return : KLR_OK

2월 13, 2020 01:41:40.16 NEW SESSION
2월 13, 2020 01:41:40.16 
2월 13, 2020 01:41:40.18 KLIB_SelfTest return : KLR_OK

2월 14, 2020 01:29:26.51 NEW SESSION
2월 14, 2020 01:29:26.51 
2월 14, 2020 01:29:26.53 KLIB_SelfTest return : KLR_OK

3월 23, 2020 11:05:57.32 NEW SESSION
3월 23, 2020 11:05:57.32 [7400:1960:0323/110557.322:ERROR:cache_util_win.cc(21)] Unable to move the cache: 액세스가 거부되었습니다. (0x5)
3월 23, 2020 11:05:57.32 [7400:1960:0323/110557.322:ERROR:cache_util.cc(135)] Unable to move cache folder C:\Users\Administrator\AppData\Local\Google\Chrome\User Data\ShaderCache\GPUCache to C:\Users\Administrator\AppData\Local\Google\Chrome\User Data\ShaderCache\old_GPUCache_000
3월 23, 2020 11:05:57.32 [7400:1960:0323/110557.322:ERROR:disk_cache.cc(184)] Unable to create cache
3월 23, 2020 11:05:57.32 [7400:1960:0323/110557.322:ERROR:shader_disk_cache.cc(606)] Shader Cache Creation failed: -2
3월 23, 2020 11:05:57.41 기존 브라우저 세션에서 여는 중입니다.
